/var/spool/slurmd/job6718468/slurm_script: line 16: /m100_scratch/userexternal/gfiamen1/phd-ai/hpdl-env/etc/profile.d/conda.sh: No such file or directory

CommandNotFoundError: Your shell has not been properly configured to use 'conda activate'.
To initialize your shell, run

    $ conda init <SHELL_NAME>

Currently supported shells are:
  - bash
  - fish
  - tcsh
  - xonsh
  - zsh
  - powershell

See 'conda init --help' for more information and options.

IMPORTANT: You may need to close and restart your shell after running 'conda init'.


WARNING:torch.distributed.run:
*****************************************
Setting OMP_NUM_THREADS environment variable for each process to be 1 in default, to avoid your system being overloaded, please further tune the variable for optimal performance in your application as needed. 
*****************************************
Files already downloaded and verified
Files already downloaded and verified
Files already downloaded and verifiedFiles already downloaded and verified

---------------------------------------------------------------------------
Epoch: 0, Accuracy: 0.0
---------------------------------------------------------------------------
Local Rank: 1, Epoch: 0, Training ...
Time 10.68 seconds
Local Rank: 0, Epoch: 0, Training ...
Time 10.68 seconds
---------------------------------------------------------------------------
Epoch: 1, Accuracy: 0.3614
---------------------------------------------------------------------------
Local Rank: 0, Epoch: 1, Training ...
Time 7.76 seconds
Local Rank: 1, Epoch: 1, Training ...
Time 7.78 seconds
---------------------------------------------------------------------------
Epoch: 2, Accuracy: 0.4253
---------------------------------------------------------------------------
Local Rank: 1, Epoch: 2, Training ...
Time 7.45 seconds
Local Rank: 0, Epoch: 2, Training ...
Time 7.47 seconds
---------------------------------------------------------------------------
Epoch: 3, Accuracy: 0.4924
---------------------------------------------------------------------------
Local Rank: 0, Epoch: 3, Training ...
Time 7.86 seconds
Local Rank: 1, Epoch: 3, Training ...
Time 7.87 seconds
---------------------------------------------------------------------------
Epoch: 4, Accuracy: 0.5151
---------------------------------------------------------------------------
Local Rank: 0, Epoch: 4, Training ...
Time 7.56 seconds
Local Rank: 1, Epoch: 4, Training ...
Time 7.57 seconds

CommandNotFoundError: Your shell has not been properly configured to use 'conda deactivate'.
To initialize your shell, run

    $ conda init <SHELL_NAME>

Currently supported shells are:
  - bash
  - fish
  - tcsh
  - xonsh
  - zsh
  - powershell

See 'conda init --help' for more information and options.

IMPORTANT: You may need to close and restart your shell after running 'conda init'.


