WARNING:torch.distributed.run:
*****************************************
Setting OMP_NUM_THREADS environment variable for each process to be 1 in default, to avoid your system being overloaded, please further tune the variable for optimal performance in your application as needed. 
*****************************************
Files already downloaded and verified
Files already downloaded and verified
Files already downloaded and verifiedFiles already downloaded and verified

---------------------------------------------------------------------------
Epoch: 0, Accuracy: 0.0
---------------------------------------------------------------------------
Local Rank: 1, Epoch: 0, Training ...
Time 10.44 seconds
Local Rank: 0, Epoch: 0, Training ...
Time 10.43 seconds
---------------------------------------------------------------------------
Epoch: 1, Accuracy: 0.3614
---------------------------------------------------------------------------
Local Rank: 0, Epoch: 1, Training ...
Time 7.38 seconds
Local Rank: 1, Epoch: 1, Training ...
Time 7.38 seconds
---------------------------------------------------------------------------
Epoch: 2, Accuracy: 0.4253
---------------------------------------------------------------------------
Local Rank: 0, Epoch: 2, Training ...
Time 7.44 seconds
Local Rank: 1, Epoch: 2, Training ...
Time 7.45 seconds
---------------------------------------------------------------------------
Epoch: 3, Accuracy: 0.4924
---------------------------------------------------------------------------
Local Rank: 0, Epoch: 3, Training ...
Time 7.38 seconds
Local Rank: 1, Epoch: 3, Training ...
Time 7.36 seconds
---------------------------------------------------------------------------
Epoch: 4, Accuracy: 0.5151
---------------------------------------------------------------------------
Local Rank: 1, Epoch: 4, Training ...
Time 7.43 seconds
Local Rank: 0, Epoch: 4, Training ...
Time 7.43 seconds
